This file contains any messages produced by compilers while
running configure, to aid debugging if configure makes a mistake.

It was created by gprolog configure 1.4.4, which was
generated by GNU Autoconf 2.68.  Invocation command line was

  $ ./configure 

## --------- ##
## Platform. ##
## --------- ##

hostname = ijl20-tosh-laptop
uname -m = x86_64
uname -r = 4.15.0-23-generic
uname -s = Linux
uname -v = #25-Ubuntu SMP Wed May 23 18:02:16 UTC 2018

/usr/bin/uname -p = unknown
/bin/uname -X     = unknown

/bin/arch              = unknown
/usr/bin/arch -k       = unknown
/usr/convex/getsysinfo = unknown
/usr/bin/hostinfo      = unknown
/bin/machine           = unknown
/usr/bin/oslevel       = unknown
/bin/universe          = unknown

PATH: /home/ijl20/.cargo/bin
PATH: /usr/local/sbin
PATH: /usr/local/bin
PATH: /usr/sbin
PATH: /usr/bin
PATH: /sbin
PATH: /bin
PATH: /usr/games
PATH: /usr/local/games
PATH: /snap/bin
PATH: /usr/lib/jvm/java-8-oracle/bin
PATH: /usr/lib/jvm/java-8-oracle/db/bin
PATH: /usr/lib/jvm/java-8-oracle/jre/bin


## ----------- ##
## Core tests. ##
## ----------- ##

configure:2750: checking for gcc
configure:2766: found /usr/bin/gcc
configure:2777: result: gcc
configure:3006: checking for C compiler version
configure:3015: gcc --version >&5
gcc (Ubuntu 7.3.0-16ubuntu3) 7.3.0
Copyright (C) 2017 Free Software Foundation, Inc.
This is free software; see the source for copying conditions.  There is NO
warranty; not even for MERCHANTABILITY or FITNESS FOR A PARTICULAR PURPOSE.

configure:3026: $? = 0
configure:3015: gcc -v >&5
Using built-in specs.
COLLECT_GCC=gcc
COLLECT_LTO_WRAPPER=/usr/lib/gcc/x86_64-linux-gnu/7/lto-wrapper
OFFLOAD_TARGET_NAMES=nvptx-none
OFFLOAD_TARGET_DEFAULT=1
Target: x86_64-linux-gnu
Configured with: ../src/configure -v --with-pkgversion='Ubuntu 7.3.0-16ubuntu3' --with-bugurl=file:///usr/share/doc/gcc-7/README.Bugs --enable-languages=c,ada,c++,go,brig,d,fortran,objc,obj-c++ --prefix=/usr --with-gcc-major-version-only --with-as=/usr/bin/x86_64-linux-gnu-as --with-ld=/usr/bin/x86_64-linux-gnu-ld --program-suffix=-7 --program-prefix=x86_64-linux-gnu- --enable-shared --enable-linker-build-id --libexecdir=/usr/lib --without-included-gettext --enable-threads=posix --libdir=/usr/lib --enable-nls --with-sysroot=/ --enable-clocale=gnu --enable-libstdcxx-debug --enable-libstdcxx-time=yes --with-default-libstdcxx-abi=new --enable-gnu-unique-object --disable-vtable-verify --enable-libmpx --enable-plugin --enable-default-pie --with-system-zlib --with-target-system-zlib --enable-objc-gc=auto --enable-multiarch --disable-werror --with-arch-32=i686 --with-abi=m64 --with-multilib-list=m32,m64,mx32 --enable-multilib --with-tune=generic --enable-offload-targets=nvptx-none --without-cuda-driver --enable-checking=release --build=x86_64-linux-gnu --host=x86_64-linux-gnu --target=x86_64-linux-gnu
Thread model: posix
gcc version 7.3.0 (Ubuntu 7.3.0-16ubuntu3) 
configure:3026: $? = 0
configure:3015: gcc -V >&5
gcc: error: unrecognized command line option '-V'
gcc: fatal error: no input files
compilation terminated.
configure:3026: $? = 1
configure:3015: gcc -qversion >&5
gcc: error: unrecognized command line option '-qversion'; did you mean '--version'?
gcc: fatal error: no input files
compilation terminated.
configure:3026: $? = 1
configure:3046: checking whether the C compiler works
configure:3068: gcc    conftest.c  >&5
configure:3072: $? = 0
configure:3120: result: yes
configure:3123: checking for C compiler default output file name
configure:3125: result: a.out
configure:3131: checking for suffix of executables
configure:3138: gcc -o conftest    conftest.c  >&5
configure:3142: $? = 0
configure:3164: result: 
configure:3186: checking whether we are cross compiling
configure:3194: gcc -o conftest    conftest.c  >&5
configure:3198: $? = 0
configure:3205: ./conftest
configure:3209: $? = 0
configure:3224: result: no
configure:3229: checking for suffix of object files
configure:3251: gcc -c   conftest.c >&5
configure:3255: $? = 0
configure:3276: result: o
configure:3280: checking whether we are using the GNU C compiler
configure:3299: gcc -c   conftest.c >&5
configure:3299: $? = 0
configure:3308: result: yes
configure:3317: checking whether gcc accepts -g
configure:3337: gcc -c -g  conftest.c >&5
configure:3337: $? = 0
configure:3378: result: yes
configure:3395: checking for gcc option to accept ISO C89
configure:3459: gcc  -c -g -O2  conftest.c >&5
configure:3459: $? = 0
configure:3472: result: none needed
configure:3526: checking build system type
configure:3540: result: x86_64-unknown-linux-gnu
configure:3560: checking host system type
configure:3573: result: x86_64-unknown-linux-gnu
configure:3787: checking for as
configure:3803: found /usr/bin/as
configure:3814: result: as
configure:3879: checking for ranlib
configure:3895: found /usr/bin/ranlib
configure:3906: result: ranlib
configure:3976: checking for windres
configure:4006: result: no
configure:4073: checking for ar
configure:4089: found /usr/bin/ar
configure:4100: result: ar
configure:4167: checking for strip
configure:4183: found /usr/bin/strip
configure:4194: result: strip
configure:4220: checking whether make sets $(MAKE)
configure:4242: result: yes
configure:4265: checking for a BSD-compatible install
configure:4333: result: /usr/bin/install -c
configure:4344: checking whether ln -s works
configure:4348: result: yes
configure:4492: checking how to run the C preprocessor
configure:4523: gcc -E  conftest.c
configure:4523: $? = 0
configure:4537: gcc -E  conftest.c
conftest.c:13:10: fatal error: ac_nonexistent.h: No such file or directory
 #include <ac_nonexistent.h>
          ^~~~~~~~~~~~~~~~~~
compilation terminated.
configure:4537: $? = 1
configure: failed program was:
| /* confdefs.h */
| #define PACKAGE_NAME "gprolog"
| #define PACKAGE_TARNAME "gprolog"
| #define PACKAGE_VERSION "1.4.4"
| #define PACKAGE_STRING "gprolog 1.4.4"
| #define PACKAGE_BUGREPORT "bug-prolog@gnu.org"
| #define PACKAGE_URL "www.gprolog.org"
| #define NO_USE_EBP 1
| #define M_x86_64 1
| #define M_linux 1
| #define M_x86_64_linux 1
| /* end confdefs.h.  */
| #include <ac_nonexistent.h>
configure:4562: result: gcc -E
configure:4582: gcc -E  conftest.c
configure:4582: $? = 0
configure:4596: gcc -E  conftest.c
conftest.c:13:10: fatal error: ac_nonexistent.h: No such file or directory
 #include <ac_nonexistent.h>
          ^~~~~~~~~~~~~~~~~~
compilation terminated.
configure:4596: $? = 1
configure: failed program was:
| /* confdefs.h */
| #define PACKAGE_NAME "gprolog"
| #define PACKAGE_TARNAME "gprolog"
| #define PACKAGE_VERSION "1.4.4"
| #define PACKAGE_STRING "gprolog 1.4.4"
| #define PACKAGE_BUGREPORT "bug-prolog@gnu.org"
| #define PACKAGE_URL "www.gprolog.org"
| #define NO_USE_EBP 1
| #define M_x86_64 1
| #define M_linux 1
| #define M_x86_64_linux 1
| /* end confdefs.h.  */
| #include <ac_nonexistent.h>
configure:4625: checking for grep that handles long lines and -e
configure:4683: result: /bin/grep
configure:4688: checking for egrep
configure:4750: result: /bin/grep -E
configure:4755: checking for ANSI C header files
configure:4775: gcc -c -g -O2  conftest.c >&5
configure:4775: $? = 0
configure:4848: gcc -o conftest -g -O2   conftest.c  >&5
configure:4848: $? = 0
configure:4848: ./conftest
configure:4848: $? = 0
configure:4859: result: yes
configure:4872: checking for sys/types.h
configure:4872: gcc -c -g -O2  conftest.c >&5
configure:4872: $? = 0
configure:4872: result: yes
configure:4872: checking for sys/stat.h
configure:4872: gcc -c -g -O2  conftest.c >&5
configure:4872: $? = 0
configure:4872: result: yes
configure:4872: checking for stdlib.h
configure:4872: gcc -c -g -O2  conftest.c >&5
configure:4872: $? = 0
configure:4872: result: yes
configure:4872: checking for string.h
configure:4872: gcc -c -g -O2  conftest.c >&5
configure:4872: $? = 0
configure:4872: result: yes
configure:4872: checking for memory.h
configure:4872: gcc -c -g -O2  conftest.c >&5
configure:4872: $? = 0
configure:4872: result: yes
configure:4872: checking for strings.h
configure:4872: gcc -c -g -O2  conftest.c >&5
configure:4872: $? = 0
configure:4872: result: yes
configure:4872: checking for inttypes.h
configure:4872: gcc -c -g -O2  conftest.c >&5
configure:4872: $? = 0
configure:4872: result: yes
configure:4872: checking for stdint.h
configure:4872: gcc -c -g -O2  conftest.c >&5
configure:4872: $? = 0
configure:4872: result: yes
configure:4872: checking for unistd.h
configure:4872: gcc -c -g -O2  conftest.c >&5
configure:4872: $? = 0
configure:4872: result: yes
configure:4884: checking whether byte ordering is bigendian
configure:4899: gcc -c -g -O2  conftest.c >&5
conftest.c:24:9: error: unknown type name 'not'
         not a universal capable compiler
         ^~~
conftest.c:24:15: error: expected '=', ',', ';', 'asm' or '__attribute__' before 'universal'
         not a universal capable compiler
               ^~~~~~~~~
conftest.c:24:15: error: unknown type name 'universal'
configure:4899: $? = 1
configure: failed program was:
| /* confdefs.h */
| #define PACKAGE_NAME "gprolog"
| #define PACKAGE_TARNAME "gprolog"
| #define PACKAGE_VERSION "1.4.4"
| #define PACKAGE_STRING "gprolog 1.4.4"
| #define PACKAGE_BUGREPORT "bug-prolog@gnu.org"
| #define PACKAGE_URL "www.gprolog.org"
| #define NO_USE_EBP 1
| #define M_x86_64 1
| #define M_linux 1
| #define M_x86_64_linux 1
| #define STDC_HEADERS 1
| #define HAVE_SYS_TYPES_H 1
| #define HAVE_SYS_STAT_H 1
| #define HAVE_STDLIB_H 1
| #define HAVE_STRING_H 1
| #define HAVE_MEMORY_H 1
| #define HAVE_STRINGS_H 1
| #define HAVE_INTTYPES_H 1
| #define HAVE_STDINT_H 1
| #define HAVE_UNISTD_H 1
| /* end confdefs.h.  */
| #ifndef __APPLE_CC__
| 	       not a universal capable compiler
| 	     #endif
| 	     typedef int dummy;
| 
configure:4944: gcc -c -g -O2  conftest.c >&5
configure:4944: $? = 0
configure:4962: gcc -c -g -O2  conftest.c >&5
conftest.c: In function 'main':
conftest.c:30:4: error: unknown type name 'not'; did you mean 'ino_t'?
    not big endian
    ^~~
    ino_t
conftest.c:30:12: error: expected '=', ',', ';', 'asm' or '__attribute__' before 'endian'
    not big endian
            ^~~~~~
configure:4962: $? = 1
configure: failed program was:
| /* confdefs.h */
| #define PACKAGE_NAME "gprolog"
| #define PACKAGE_TARNAME "gprolog"
| #define PACKAGE_VERSION "1.4.4"
| #define PACKAGE_STRING "gprolog 1.4.4"
| #define PACKAGE_BUGREPORT "bug-prolog@gnu.org"
| #define PACKAGE_URL "www.gprolog.org"
| #define NO_USE_EBP 1
| #define M_x86_64 1
| #define M_linux 1
| #define M_x86_64_linux 1
| #define STDC_HEADERS 1
| #define HAVE_SYS_TYPES_H 1
| #define HAVE_SYS_STAT_H 1
| #define HAVE_STDLIB_H 1
| #define HAVE_STRING_H 1
| #define HAVE_MEMORY_H 1
| #define HAVE_STRINGS_H 1
| #define HAVE_INTTYPES_H 1
| #define HAVE_STDINT_H 1
| #define HAVE_UNISTD_H 1
| /* end confdefs.h.  */
| #include <sys/types.h>
| 		#include <sys/param.h>
| 
| int
| main ()
| {
| #if BYTE_ORDER != BIG_ENDIAN
| 		 not big endian
| 		#endif
| 
|   ;
|   return 0;
| }
configure:5090: result: no
configure:5112: checking for inline
configure:5128: gcc -c -g -O2  conftest.c >&5
configure:5128: $? = 0
configure:5136: result: inline
configure:5229: checking size of long
configure:5234: gcc -o conftest  -fno-strict-aliasing -O3 -fomit-frame-pointer   conftest.c  >&5
configure:5234: $? = 0
configure:5234: ./conftest
configure:5234: $? = 0
configure:5248: result: 8
configure:5262: checking size of void*
configure:5267: gcc -o conftest  -fno-strict-aliasing -O3 -fomit-frame-pointer   conftest.c  >&5
configure:5267: $? = 0
configure:5267: ./conftest
configure:5267: $? = 0
configure:5281: result: 8
configure:5294: checking sys/ioctl_compat.h usability
configure:5294: gcc -c  -fno-strict-aliasing -O3 -fomit-frame-pointer  conftest.c >&5
conftest.c:58:10: fatal error: sys/ioctl_compat.h: No such file or directory
 #include <sys/ioctl_compat.h>
          ^~~~~~~~~~~~~~~~~~~~
compilation terminated.
configure:5294: $? = 1
configure: failed program was:
| /* confdefs.h */
| #define PACKAGE_NAME "gprolog"
| #define PACKAGE_TARNAME "gprolog"
| #define PACKAGE_VERSION "1.4.4"
| #define PACKAGE_STRING "gprolog 1.4.4"
| #define PACKAGE_BUGREPORT "bug-prolog@gnu.org"
| #define PACKAGE_URL "www.gprolog.org"
| #define NO_USE_EBP 1
| #define M_x86_64 1
| #define M_linux 1
| #define M_x86_64_linux 1
| #define STDC_HEADERS 1
| #define HAVE_SYS_TYPES_H 1
| #define HAVE_SYS_STAT_H 1
| #define HAVE_STDLIB_H 1
| #define HAVE_STRING_H 1
| #define HAVE_MEMORY_H 1
| #define HAVE_STRINGS_H 1
| #define HAVE_INTTYPES_H 1
| #define HAVE_STDINT_H 1
| #define HAVE_UNISTD_H 1
| #define SIZEOF_LONG 8
| #define SIZEOF_VOIDP 8
| /* end confdefs.h.  */
| #include <stdio.h>
| #ifdef HAVE_SYS_TYPES_H
| # include <sys/types.h>
| #endif
| #ifdef HAVE_SYS_STAT_H
| # include <sys/stat.h>
| #endif
| #ifdef STDC_HEADERS
| # include <stdlib.h>
| # include <stddef.h>
| #else
| # ifdef HAVE_STDLIB_H
| #  include <stdlib.h>
| # endif
| #endif
| #ifdef HAVE_STRING_H
| # if !defined STDC_HEADERS && defined HAVE_MEMORY_H
| #  include <memory.h>
| # endif
| # include <string.h>
| #endif
| #ifdef HAVE_STRINGS_H
| # include <strings.h>
| #endif
| #ifdef HAVE_INTTYPES_H
| # include <inttypes.h>
| #endif
| #ifdef HAVE_STDINT_H
| # include <stdint.h>
| #endif
| #ifdef HAVE_UNISTD_H
| # include <unistd.h>
| #endif
| #include <sys/ioctl_compat.h>
configure:5294: result: no
configure:5294: checking sys/ioctl_compat.h presence
configure:5294: gcc -E  conftest.c
conftest.c:25:10: fatal error: sys/ioctl_compat.h: No such file or directory
 #include <sys/ioctl_compat.h>
          ^~~~~~~~~~~~~~~~~~~~
compilation terminated.
configure:5294: $? = 1
configure: failed program was:
| /* confdefs.h */
| #define PACKAGE_NAME "gprolog"
| #define PACKAGE_TARNAME "gprolog"
| #define PACKAGE_VERSION "1.4.4"
| #define PACKAGE_STRING "gprolog 1.4.4"
| #define PACKAGE_BUGREPORT "bug-prolog@gnu.org"
| #define PACKAGE_URL "www.gprolog.org"
| #define NO_USE_EBP 1
| #define M_x86_64 1
| #define M_linux 1
| #define M_x86_64_linux 1
| #define STDC_HEADERS 1
| #define HAVE_SYS_TYPES_H 1
| #define HAVE_SYS_STAT_H 1
| #define HAVE_STDLIB_H 1
| #define HAVE_STRING_H 1
| #define HAVE_MEMORY_H 1
| #define HAVE_STRINGS_H 1
| #define HAVE_INTTYPES_H 1
| #define HAVE_STDINT_H 1
| #define HAVE_UNISTD_H 1
| #define SIZEOF_LONG 8
| #define SIZEOF_VOIDP 8
| /* end confdefs.h.  */
| #include <sys/ioctl_compat.h>
configure:5294: result: no
configure:5294: checking for sys/ioctl_compat.h
configure:5294: result: no
configure:5294: checking sys/siginfo.h usability
configure:5294: gcc -c  -fno-strict-aliasing -O3 -fomit-frame-pointer  conftest.c >&5
conftest.c:58:10: fatal error: sys/siginfo.h: No such file or directory
 #include <sys/siginfo.h>
          ^~~~~~~~~~~~~~~
compilation terminated.
configure:5294: $? = 1
configure: failed program was:
| /* confdefs.h */
| #define PACKAGE_NAME "gprolog"
| #define PACKAGE_TARNAME "gprolog"
| #define PACKAGE_VERSION "1.4.4"
| #define PACKAGE_STRING "gprolog 1.4.4"
| #define PACKAGE_BUGREPORT "bug-prolog@gnu.org"
| #define PACKAGE_URL "www.gprolog.org"
| #define NO_USE_EBP 1
| #define M_x86_64 1
| #define M_linux 1
| #define M_x86_64_linux 1
| #define STDC_HEADERS 1
| #define HAVE_SYS_TYPES_H 1
| #define HAVE_SYS_STAT_H 1
| #define HAVE_STDLIB_H 1
| #define HAVE_STRING_H 1
| #define HAVE_MEMORY_H 1
| #define HAVE_STRINGS_H 1
| #define HAVE_INTTYPES_H 1
| #define HAVE_STDINT_H 1
| #define HAVE_UNISTD_H 1
| #define SIZEOF_LONG 8
| #define SIZEOF_VOIDP 8
| /* end confdefs.h.  */
| #include <stdio.h>
| #ifdef HAVE_SYS_TYPES_H
| # include <sys/types.h>
| #endif
| #ifdef HAVE_SYS_STAT_H
| # include <sys/stat.h>
| #endif
| #ifdef STDC_HEADERS
| # include <stdlib.h>
| # include <stddef.h>
| #else
| # ifdef HAVE_STDLIB_H
| #  include <stdlib.h>
| # endif
| #endif
| #ifdef HAVE_STRING_H
| # if !defined STDC_HEADERS && defined HAVE_MEMORY_H
| #  include <memory.h>
| # endif
| # include <string.h>
| #endif
| #ifdef HAVE_STRINGS_H
| # include <strings.h>
| #endif
| #ifdef HAVE_INTTYPES_H
| # include <inttypes.h>
| #endif
| #ifdef HAVE_STDINT_H
| # include <stdint.h>
| #endif
| #ifdef HAVE_UNISTD_H
| # include <unistd.h>
| #endif
| #include <sys/siginfo.h>
configure:5294: result: no
configure:5294: checking sys/siginfo.h presence
configure:5294: gcc -E  conftest.c
conftest.c:25:10: fatal error: sys/siginfo.h: No such file or directory
 #include <sys/siginfo.h>
          ^~~~~~~~~~~~~~~
compilation terminated.
configure:5294: $? = 1
configure: failed program was:
| /* confdefs.h */
| #define PACKAGE_NAME "gprolog"
| #define PACKAGE_TARNAME "gprolog"
| #define PACKAGE_VERSION "1.4.4"
| #define PACKAGE_STRING "gprolog 1.4.4"
| #define PACKAGE_BUGREPORT "bug-prolog@gnu.org"
| #define PACKAGE_URL "www.gprolog.org"
| #define NO_USE_EBP 1
| #define M_x86_64 1
| #define M_linux 1
| #define M_x86_64_linux 1
| #define STDC_HEADERS 1
| #define HAVE_SYS_TYPES_H 1
| #define HAVE_SYS_STAT_H 1
| #define HAVE_STDLIB_H 1
| #define HAVE_STRING_H 1
| #define HAVE_MEMORY_H 1
| #define HAVE_STRINGS_H 1
| #define HAVE_INTTYPES_H 1
| #define HAVE_STDINT_H 1
| #define HAVE_UNISTD_H 1
| #define SIZEOF_LONG 8
| #define SIZEOF_VOIDP 8
| /* end confdefs.h.  */
| #include <sys/siginfo.h>
configure:5294: result: no
configure:5294: checking for sys/siginfo.h
configure:5294: result: no
configure:5294: checking termios.h usability
configure:5294: gcc -c  -fno-strict-aliasing -O3 -fomit-frame-pointer  conftest.c >&5
configure:5294: $? = 0
configure:5294: result: yes
configure:5294: checking termios.h presence
configure:5294: gcc -E  conftest.c
configure:5294: $? = 0
configure:5294: result: yes
configure:5294: checking for termios.h
configure:5294: result: yes
configure:5294: checking malloc.h usability
configure:5294: gcc -c  -fno-strict-aliasing -O3 -fomit-frame-pointer  conftest.c >&5
configure:5294: $? = 0
configure:5294: result: yes
configure:5294: checking malloc.h presence
configure:5294: gcc -E  conftest.c
configure:5294: $? = 0
configure:5294: result: yes
configure:5294: checking for malloc.h
configure:5294: result: yes
configure:5294: checking endian.h usability
configure:5294: gcc -c  -fno-strict-aliasing -O3 -fomit-frame-pointer  conftest.c >&5
configure:5294: $? = 0
configure:5294: result: yes
configure:5294: checking endian.h presence
configure:5294: gcc -E  conftest.c
configure:5294: $? = 0
configure:5294: result: yes
configure:5294: checking for endian.h
configure:5294: result: yes
configure:5294: checking sys/endian.h usability
configure:5294: gcc -c  -fno-strict-aliasing -O3 -fomit-frame-pointer  conftest.c >&5
conftest.c:61:10: fatal error: sys/endian.h: No such file or directory
 #include <sys/endian.h>
          ^~~~~~~~~~~~~~
compilation terminated.
configure:5294: $? = 1
configure: failed program was:
| /* confdefs.h */
| #define PACKAGE_NAME "gprolog"
| #define PACKAGE_TARNAME "gprolog"
| #define PACKAGE_VERSION "1.4.4"
| #define PACKAGE_STRING "gprolog 1.4.4"
| #define PACKAGE_BUGREPORT "bug-prolog@gnu.org"
| #define PACKAGE_URL "www.gprolog.org"
| #define NO_USE_EBP 1
| #define M_x86_64 1
| #define M_linux 1
| #define M_x86_64_linux 1
| #define STDC_HEADERS 1
| #define HAVE_SYS_TYPES_H 1
| #define HAVE_SYS_STAT_H 1
| #define HAVE_STDLIB_H 1
| #define HAVE_STRING_H 1
| #define HAVE_MEMORY_H 1
| #define HAVE_STRINGS_H 1
| #define HAVE_INTTYPES_H 1
| #define HAVE_STDINT_H 1
| #define HAVE_UNISTD_H 1
| #define SIZEOF_LONG 8
| #define SIZEOF_VOIDP 8
| #define HAVE_TERMIOS_H 1
| #define HAVE_MALLOC_H 1
| #define HAVE_ENDIAN_H 1
| /* end confdefs.h.  */
| #include <stdio.h>
| #ifdef HAVE_SYS_TYPES_H
| # include <sys/types.h>
| #endif
| #ifdef HAVE_SYS_STAT_H
| # include <sys/stat.h>
| #endif
| #ifdef STDC_HEADERS
| # include <stdlib.h>
| # include <stddef.h>
| #else
| # ifdef HAVE_STDLIB_H
| #  include <stdlib.h>
| # endif
| #endif
| #ifdef HAVE_STRING_H
| # if !defined STDC_HEADERS && defined HAVE_MEMORY_H
| #  include <memory.h>
| # endif
| # include <string.h>
| #endif
| #ifdef HAVE_STRINGS_H
| # include <strings.h>
| #endif
| #ifdef HAVE_INTTYPES_H
| # include <inttypes.h>
| #endif
| #ifdef HAVE_STDINT_H
| # include <stdint.h>
| #endif
| #ifdef HAVE_UNISTD_H
| # include <unistd.h>
| #endif
| #include <sys/endian.h>
configure:5294: result: no
configure:5294: checking sys/endian.h presence
configure:5294: gcc -E  conftest.c
conftest.c:28:10: fatal error: sys/endian.h: No such file or directory
 #include <sys/endian.h>
          ^~~~~~~~~~~~~~
compilation terminated.
configure:5294: $? = 1
configure: failed program was:
| /* confdefs.h */
| #define PACKAGE_NAME "gprolog"
| #define PACKAGE_TARNAME "gprolog"
| #define PACKAGE_VERSION "1.4.4"
| #define PACKAGE_STRING "gprolog 1.4.4"
| #define PACKAGE_BUGREPORT "bug-prolog@gnu.org"
| #define PACKAGE_URL "www.gprolog.org"
| #define NO_USE_EBP 1
| #define M_x86_64 1
| #define M_linux 1
| #define M_x86_64_linux 1
| #define STDC_HEADERS 1
| #define HAVE_SYS_TYPES_H 1
| #define HAVE_SYS_STAT_H 1
| #define HAVE_STDLIB_H 1
| #define HAVE_STRING_H 1
| #define HAVE_MEMORY_H 1
| #define HAVE_STRINGS_H 1
| #define HAVE_INTTYPES_H 1
| #define HAVE_STDINT_H 1
| #define HAVE_UNISTD_H 1
| #define SIZEOF_LONG 8
| #define SIZEOF_VOIDP 8
| #define HAVE_TERMIOS_H 1
| #define HAVE_MALLOC_H 1
| #define HAVE_ENDIAN_H 1
| /* end confdefs.h.  */
| #include <sys/endian.h>
configure:5294: result: no
configure:5294: checking for sys/endian.h
configure:5294: result: no
configure:5294: checking byteswap.h usability
configure:5294: gcc -c  -fno-strict-aliasing -O3 -fomit-frame-pointer  conftest.c >&5
configure:5294: $? = 0
configure:5294: result: yes
configure:5294: checking byteswap.h presence
configure:5294: gcc -E  conftest.c
configure:5294: $? = 0
configure:5294: result: yes
configure:5294: checking for byteswap.h
configure:5294: result: yes
configure:5294: checking float.h usability
configure:5294: gcc -c  -fno-strict-aliasing -O3 -fomit-frame-pointer  conftest.c >&5
configure:5294: $? = 0
configure:5294: result: yes
configure:5294: checking float.h presence
configure:5294: gcc -E  conftest.c
configure:5294: $? = 0
configure:5294: result: yes
configure:5294: checking for float.h
configure:5294: result: yes
configure:5310: checking for stdlib.h
configure:5310: result: yes
configure:5310: checking for unistd.h
configure:5310: result: yes
configure:5310: checking for sys/param.h
configure:5310: gcc -c  -fno-strict-aliasing -O3 -fomit-frame-pointer  conftest.c >&5
configure:5310: $? = 0
configure:5310: result: yes
configure:5330: checking for getpagesize
configure:5330: gcc -o conftest  -fno-strict-aliasing -O3 -fomit-frame-pointer   conftest.c  >&5
configure:5330: $? = 0
configure:5330: result: yes
configure:5339: checking for working mmap
configure:5486: gcc -o conftest  -fno-strict-aliasing -O3 -fomit-frame-pointer   conftest.c  >&5
configure:5486: $? = 0
configure:5486: ./conftest
configure:5486: $? = 0
configure:5496: result: yes
configure:5509: checking for getpagesize
configure:5509: result: yes
configure:5509: checking for mprotect
configure:5509: gcc -o conftest  -fno-strict-aliasing -O3 -fomit-frame-pointer   conftest.c  >&5
configure:5509: $? = 0
configure:5509: result: yes
configure:5509: checking for sigaction
configure:5509: gcc -o conftest  -fno-strict-aliasing -O3 -fomit-frame-pointer   conftest.c  >&5
configure:5509: $? = 0
configure:5509: result: yes
configure:5509: checking for mallopt
configure:5509: gcc -o conftest  -fno-strict-aliasing -O3 -fomit-frame-pointer   conftest.c  >&5
configure:5509: $? = 0
configure:5509: result: yes
configure:5509: checking for fgetc
configure:5509: gcc -o conftest  -fno-strict-aliasing -O3 -fomit-frame-pointer   conftest.c  >&5
configure:5509: $? = 0
configure:5509: result: yes
configure:5518: checking whether htole32 is declared
configure:5518: gcc -c  -fno-strict-aliasing -O3 -fomit-frame-pointer  conftest.c >&5
configure:5518: $? = 0
configure:5518: result: yes
configure:5542: checking whether bswap_32 is declared
configure:5542: gcc -c  -fno-strict-aliasing -O3 -fomit-frame-pointer  conftest.c >&5
configure:5542: $? = 0
configure:5542: result: yes
configure:5573: checking for atanh
configure:5573: gcc -o conftest  -fno-strict-aliasing -O3 -fomit-frame-pointer   conftest.c  -lm >&5
conftest.c:65:6: warning: conflicting types for built-in function 'atanh' [-Wbuiltin-declaration-mismatch]
 char atanh ();
      ^~~~~
configure:5573: $? = 0
configure:5573: result: yes
configure:5573: checking for acosh
configure:5573: gcc -o conftest  -fno-strict-aliasing -O3 -fomit-frame-pointer   conftest.c  -lm >&5
conftest.c:66:6: warning: conflicting types for built-in function 'acosh' [-Wbuiltin-declaration-mismatch]
 char acosh ();
      ^~~~~
configure:5573: $? = 0
configure:5573: result: yes
configure:5573: checking for asinh
configure:5573: gcc -o conftest  -fno-strict-aliasing -O3 -fomit-frame-pointer   conftest.c  -lm >&5
conftest.c:67:6: warning: conflicting types for built-in function 'asinh' [-Wbuiltin-declaration-mismatch]
 char asinh ();
      ^~~~~
configure:5573: $? = 0
configure:5573: result: yes
configure:5586: checking for socklen_t
configure:5602: gcc -c  -fno-strict-aliasing -O3 -fomit-frame-pointer  conftest.c >&5
configure:5602: $? = 0
configure:5603: result: yes
configure:5643: checking if struct sigcontext needs asm/sigcontext.h
configure:5658: gcc -c  -fno-strict-aliasing -O3 -fomit-frame-pointer  conftest.c >&5
configure:5658: $? = 0
configure:5659: result: no
configure:5673: checking for sigsetjmp
configure:5686: gcc -o conftest  -fno-strict-aliasing -O3 -fomit-frame-pointer   conftest.c  -lm >&5
configure:5686: $? = 0
configure:5687: result: yes
configure:5701: checking for a working sigaction
configure:5707: result: yes
configure:5719: checking constructors execution order
configure:5731: result: first to last
configure:5788: checking for socket
configure:5788: gcc -o conftest  -fno-strict-aliasing -O3 -fomit-frame-pointer   conftest.c  -lm >&5
configure:5788: $? = 0
configure:5788: result: yes
configure:5837: checking for gethostbyname
configure:5837: gcc -o conftest  -fno-strict-aliasing -O3 -fomit-frame-pointer   conftest.c  -lm >&5
configure:5837: $? = 0
configure:5837: result: yes
configure:6346: creating ./config.status

## ---------------------- ##
## Running config.status. ##
## ---------------------- ##

This file was extended by gprolog config.status 1.4.4, which was
generated by GNU Autoconf 2.68.  Invocation command line was

  CONFIG_FILES    = 
  CONFIG_HEADERS  = 
  CONFIG_LINKS    = 
  CONFIG_COMMANDS = 
  $ ./config.status 

on ijl20-tosh-laptop

config.status:966: creating Makefile
config.status:966: creating TopComp/Makefile
config.status:966: creating Pl2Wam/Makefile
config.status:966: creating Wam2Ma/Makefile
config.status:966: creating Ma2Asm/Makefile
config.status:966: creating Fd2C/Makefile
config.status:966: creating Linedit/Makefile
config.status:966: creating W32GUICons/Makefile
config.status:966: creating EnginePl/Makefile
config.status:966: creating BipsPl/Makefile
config.status:966: creating EngineFD/Makefile
config.status:966: creating BipsFD/Makefile
config.status:966: creating Ma2Asm/FromC/Makefile
config.status:966: creating Win32/Makefile
config.status:966: creating EnginePl/gp_config.h

## ---------------- ##
## Cache variables. ##
## ---------------- ##

ac_cv_build=x86_64-unknown-linux-gnu
ac_cv_c_bigendian=no
ac_cv_c_compiler_gnu=yes
ac_cv_c_inline=inline
ac_cv_env_CC_set=
ac_cv_env_CC_value=
ac_cv_env_CFLAGS_set=
ac_cv_env_CFLAGS_value=
ac_cv_env_CPPFLAGS_set=
ac_cv_env_CPPFLAGS_value=
ac_cv_env_CPP_set=
ac_cv_env_CPP_value=
ac_cv_env_LDFLAGS_set=
ac_cv_env_LDFLAGS_value=
ac_cv_env_LIBS_set=
ac_cv_env_LIBS_value=
ac_cv_env_build_alias_set=
ac_cv_env_build_alias_value=
ac_cv_env_host_alias_set=
ac_cv_env_host_alias_value=
ac_cv_env_target_alias_set=
ac_cv_env_target_alias_value=
ac_cv_func_acosh=yes
ac_cv_func_asinh=yes
ac_cv_func_atanh=yes
ac_cv_func_fgetc=yes
ac_cv_func_gethostbyname=yes
ac_cv_func_getpagesize=yes
ac_cv_func_mallopt=yes
ac_cv_func_mmap_fixed_mapped=yes
ac_cv_func_mprotect=yes
ac_cv_func_sigaction=yes
ac_cv_func_socket=yes
ac_cv_have_decl_bswap_32=yes
ac_cv_have_decl_htole32=yes
ac_cv_header_byteswap_h=yes
ac_cv_header_endian_h=yes
ac_cv_header_float_h=yes
ac_cv_header_inttypes_h=yes
ac_cv_header_malloc_h=yes
ac_cv_header_memory_h=yes
ac_cv_header_stdc=yes
ac_cv_header_stdint_h=yes
ac_cv_header_stdlib_h=yes
ac_cv_header_string_h=yes
ac_cv_header_strings_h=yes
ac_cv_header_sys_endian_h=no
ac_cv_header_sys_ioctl_compat_h=no
ac_cv_header_sys_param_h=yes
ac_cv_header_sys_siginfo_h=no
ac_cv_header_sys_stat_h=yes
ac_cv_header_sys_types_h=yes
ac_cv_header_termios_h=yes
ac_cv_header_unistd_h=yes
ac_cv_host=x86_64-unknown-linux-gnu
ac_cv_objext=o
ac_cv_path_EGREP='/bin/grep -E'
ac_cv_path_GREP=/bin/grep
ac_cv_path_install='/usr/bin/install -c'
ac_cv_prog_CPP='gcc -E'
ac_cv_prog_ac_ct_AR=ar
ac_cv_prog_ac_ct_AS=as
ac_cv_prog_ac_ct_CC=gcc
ac_cv_prog_ac_ct_RANLIB=ranlib
ac_cv_prog_ac_ct_STRIP=strip
ac_cv_prog_cc_c89=
ac_cv_prog_cc_g=yes
ac_cv_prog_make_make_set=yes
ac_cv_sizeof_long=8
ac_cv_sizeof_voidp=8

## ----------------- ##
## Output variables. ##
## ----------------- ##

AR='ar'
AR_RC='ar rc '
AR_SEP=' '
AS='as'
ASFLAGS='--64'
ASM_SUFFIX='.s'
BIN_FILES=' gplc hexgplc gprolog pl2wam wam2ma ma2asm fd2c'
CC='gcc'
CC_EXE_NAME_OPT='-o '
CC_OBJ_NAME_OPT='-o '
CFLAGS='-O3 -fomit-frame-pointer'
CFLAGS_MACHINE=' -fno-strict-aliasing'
CFLAGS_PREFIX_REG='-ffixed-%s'
CFLAGS_UNSIGNED_CHAR='-funsigned-char'
CPP='gcc -E'
CPPFLAGS=''
DEFS='-DHAVE_CONFIG_H'
DLL_W32GUICONS='w32guicons.dll'
DOC_DIR='/usr/local/gprolog-1.4.4/doc'
DOC_FILES='???*.dvi ???*.ps ???*.pdf ???*.chm ???*.eps ???*.html ???*.gif'
ECHO_C=''
ECHO_N='-n'
ECHO_T=''
EGREP='/bin/grep -E'
ENV_VARIABLE='PL_PATH'
EXAMPLES_DIR='/usr/local/gprolog-1.4.4/examples'
EXC_FILES='Makefile README ??*.pl ??*_c.c'
EXEEXT=''
EXE_SUFFIX=''
EXFD_FILES='Makefile ??*.pl ??*.fd'
EXPL_FILES='Makefile README PROGS ??*.pl'
GPLC='gplc'
GREP='/bin/grep'
HEXGPLC='hexgplc'
HTML_DIR='/usr/local/gprolog-1.4.4/doc/html_node'
HTML_FILES='???*.html ???*.gif ???*.css'
INC_FILES='gprolog.h fd_to_c.h'
INSTALL_DATA='${INSTALL} -m 644'
INSTALL_DIR='/usr/local/gprolog-1.4.4'
INSTALL_PROGRAM='${INSTALL}'
INSTALL_SCRIPT='${INSTALL}'
LD='gcc'
LDFLAGS=''
LDGUILIBS=''
LDLIBS='-lm'
LD_DLL_OPT='-shared'
LD_OUT_NAME_OPT='-o '
LIBOBJS=''
LIBS=' -lm'
LIB_BIPS_FD='libbips_fd.a'
LIB_BIPS_PL='libbips_pl.a'
LIB_ENGINE_FD='libengine_fd.a'
LIB_ENGINE_PL='libengine_pl.a'
LIB_FILES='libengine_pl.a libbips_pl.a liblinedit.a libengine_fd.a libbips_fd.a'
LIB_LINEDIT='liblinedit.a'
LINKS_DIR='/usr/local/bin'
LN_S='ln -s'
LTLIBOBJS=''
MAKE_ENGINE1_SRC='engine1.c'
MAKE_FD_DIRS='$(FD_DIRS)'
MAKE_LE_DIRS='$(LE_DIRS)'
MAKE_LE_INTERF_OBJS='$(LE_INTERF_OBJS)'
MAKE_SOCKETS_OBJS='$(SOCKETS_OBJS)'
MAKE_W32GC_DIRS=''
OBJEXT='o'
OBJ_FILES=' top_level.o all_pl_bips.o debugger.o all_fd_bips.o'
OBJ_SUFFIX='.o'
PACKAGE_BUGREPORT='bug-prolog@gnu.org'
PACKAGE_NAME='gprolog'
PACKAGE_STRING='gprolog 1.4.4'
PACKAGE_TARNAME='gprolog'
PACKAGE_URL='www.gprolog.org'
PACKAGE_VERSION='1.4.4'
PATH_SEPARATOR=':'
PKG_NAME='gprolog-1.4.4'
PROLOG_COPYRIGHT='Copyright (C) 1999-2013 Daniel Diaz'
PROLOG_DATE='Jul  4 2018'
PROLOG_DIALECT='gprolog'
PROLOG_NAME='GNU Prolog'
PROLOG_VERSION='1.4.4'
RANLIB='ranlib'
RC=''
RCFLAGS='-O coff'
RC_OUT_NAME_OPT='-o '
ROOT_DIR1='/home/ijl20/src/prolog/gprolog-code'
ROOT_DIR='/home/ijl20/src/prolog/gprolog-code'
SET_MAKE=''
SHELL='/bin/bash'
STRIP='strip'
TOP_LEVEL='gprolog'
TOP_LEVEL_FLAGS=''
TXT_FILES='README COPYING VERSION NEWS ChangeLog gprolog.ico'
WIN_AS_FOUND=''
WIN_CC_VER=''
WIN_CONF_OPT=''
WIN_TMP_DIR=''
WITH_MSVC='no'
ac_ct_CC='gcc'
bindir='${exec_prefix}/bin'
build='x86_64-unknown-linux-gnu'
build_alias=''
build_cpu='x86_64'
build_os='linux-gnu'
build_vendor='unknown'
datadir='${datarootdir}'
datarootdir='${prefix}/share'
docdir='${datarootdir}/doc/${PACKAGE_TARNAME}'
dvidir='${docdir}'
exec_prefix='/usr/local'
host='x86_64-unknown-linux-gnu'
host_alias=''
host_cpu='x86_64'
host_os='linux-gnu'
host_vendor='unknown'
htmldir='${docdir}'
includedir='${prefix}/include'
infodir='${datarootdir}/info'
libdir='${exec_prefix}/lib'
libexecdir='${exec_prefix}/libexec'
localedir='${datarootdir}/locale'
localstatedir='${prefix}/var'
mandir='${datarootdir}/man'
oldincludedir='/usr/include'
pdfdir='${docdir}'
prefix='/usr/local'
program_transform_name='s,x,x,'
psdir='${docdir}'
sbindir='${exec_prefix}/sbin'
sharedstatedir='${prefix}/com'
sysconfdir='${prefix}/etc'
target_alias=''

## ----------- ##
## confdefs.h. ##
## ----------- ##

/* confdefs.h */
#define PACKAGE_NAME "gprolog"
#define PACKAGE_TARNAME "gprolog"
#define PACKAGE_VERSION "1.4.4"
#define PACKAGE_STRING "gprolog 1.4.4"
#define PACKAGE_BUGREPORT "bug-prolog@gnu.org"
#define PACKAGE_URL "www.gprolog.org"
#define NO_USE_EBP 1
#define M_x86_64 1
#define M_linux 1
#define M_x86_64_linux 1
#define STDC_HEADERS 1
#define HAVE_SYS_TYPES_H 1
#define HAVE_SYS_STAT_H 1
#define HAVE_STDLIB_H 1
#define HAVE_STRING_H 1
#define HAVE_MEMORY_H 1
#define HAVE_STRINGS_H 1
#define HAVE_INTTYPES_H 1
#define HAVE_STDINT_H 1
#define HAVE_UNISTD_H 1
#define SIZEOF_LONG 8
#define SIZEOF_VOIDP 8
#define HAVE_TERMIOS_H 1
#define HAVE_MALLOC_H 1
#define HAVE_ENDIAN_H 1
#define HAVE_BYTESWAP_H 1
#define HAVE_FLOAT_H 1
#define HAVE_STDLIB_H 1
#define HAVE_UNISTD_H 1
#define HAVE_SYS_PARAM_H 1
#define HAVE_GETPAGESIZE 1
#define HAVE_MMAP 1
#define HAVE_GETPAGESIZE 1
#define HAVE_MPROTECT 1
#define HAVE_SIGACTION 1
#define HAVE_MALLOPT 1
#define HAVE_FGETC 1
#define HAVE_DECL_HTOLE32 1
#define HAVE_DECL_BSWAP_32 1
#define HAVE_ATANH 1
#define HAVE_ACOSH 1
#define HAVE_ASINH 1
#define HAVE_SIGSETJMP 1
#define HAVE_WORKING_SIGACTION 1
#define OBJ_CHAIN_REVERSE_ORDER 1
#define NO_USE_GUI_CONSOLE 1
#define PROLOG_NAME "GNU Prolog"
#define PROLOG_DIALECT "gprolog"
#define PROLOG_VERSION "1.4.4"
#define PROLOG_DATE "Jul  4 2018"
#define PROLOG_COPYRIGHT "Copyright (C) 1999-2013 Daniel Diaz"
#define TOP_LEVEL "gprolog"
#define GPLC "gplc"
#define HEXGPLC "hexgplc"
#define ENV_VARIABLE "PL_PATH"
#define M_CPU "x86_64"
#define M_VENDOR "unknown"
#define M_OS "linux-gnu"
#define CC "gcc"
#define CFLAGS_PREFIX_REG "-ffixed-%s"
#define CFLAGS "-O3 -fomit-frame-pointer"
#define CFLAGS_MACHINE " -fno-strict-aliasing"
#define LDFLAGS ""
#define LDLIBS "-lm"
#define AS "as"
#define ASFLAGS "--64"
#define STRIP "strip"
#define ASM_SUFFIX ".s"
#define OBJ_SUFFIX ".o"
#define EXE_SUFFIX ""
#define CC_OBJ_NAME_OPT "-o "
#define CC_EXE_NAME_OPT "-o "
#define DLL_W32GUICONS "w32guicons.dll"
#define LIB_LINEDIT "liblinedit.a"
#define LIB_ENGINE_PL "libengine_pl.a"
#define LIB_BIPS_PL "libbips_pl.a"
#define LIB_ENGINE_FD "libengine_fd.a"
#define LIB_BIPS_FD "libbips_fd.a"

configure: exit 0
